<?xml version="1.0" encoding="UTF-8"?>
<testng-results skipped="0" failed="0" total="6" passed="6">
  <reporter-output>
  </reporter-output>
  <suite name="AutoFrameTestSuite" duration-ms="60188" started-at="2016-09-26T05:26:03Z" finished-at="2016-09-26T05:27:03Z">
    <groups>
    </groups>
    <test name="FunctTest" duration-ms="60188" started-at="2016-09-26T05:26:03Z" finished-at="2016-09-26T05:27:03Z">
      <class name="com.test.HomePageTest">
        <test-method status="PASS" signature="setup()[pri:0, instance:com.test.HomePageTest@66d2e7d9]" name="setup" is-config="true" duration-ms="9947" started-at="2016-09-25T22:26:03Z" finished-at="2016-09-25T22:26:13Z">
          <reporter-output>
          </reporter-output>
        </test-method> <!-- setup -->
        <test-method status="PASS" signature="initialize()[pri:0, instance:com.test.HomePageTest@66d2e7d9]" name="initialize" is-config="true" duration-ms="15" started-at="2016-09-25T22:26:13Z" finished-at="2016-09-25T22:26:13Z">
          <reporter-output>
          </reporter-output>
        </test-method> <!-- initialize -->
        <test-method status="PASS" signature="TestLoginClick()[pri:0, instance:com.test.HomePageTest@66d2e7d9]" name="TestLoginClick" duration-ms="1998" started-at="2016-09-25T22:26:13Z" finished-at="2016-09-25T22:26:15Z">
          <reporter-output>
          </reporter-output>
        </test-method> <!-- TestLoginClick -->
        <test-method status="PASS" signature="testCountSocialIcons()[pri:0, instance:com.test.HomePageTest@66d2e7d9]" name="testCountSocialIcons" duration-ms="25" started-at="2016-09-25T22:26:15Z" finished-at="2016-09-25T22:26:15Z">
          <reporter-output>
          </reporter-output>
        </test-method> <!-- testCountSocialIcons -->
      </class> <!-- com.test.HomePageTest -->
      <class name="com.test.DemoSelectorTest">
        <test-method status="PASS" signature="setup()[pri:0, instance:com.test.DemoSelectorTest@4de8b406]" name="setup" is-config="true" duration-ms="9667" started-at="2016-09-25T22:26:47Z" finished-at="2016-09-25T22:26:56Z">
          <reporter-output>
          </reporter-output>
        </test-method> <!-- setup -->
        <test-method status="PASS" signature="beforeClass()[pri:0, instance:com.test.DemoSelectorTest@4de8b406]" name="beforeClass" is-config="true" duration-ms="11" started-at="2016-09-25T22:26:56Z" finished-at="2016-09-25T22:26:56Z">
          <reporter-output>
          </reporter-output>
        </test-method> <!-- beforeClass -->
        <test-method status="PASS" signature="testDemoClickWithExplicitWait()[pri:0, instance:com.test.DemoSelectorTest@4de8b406]" name="testDemoClickWithExplicitWait" duration-ms="6999" started-at="2016-09-25T22:26:56Z" finished-at="2016-09-25T22:27:03Z">
          <reporter-output>
          </reporter-output>
        </test-method> <!-- testDemoClickWithExplicitWait -->
      </class> <!-- com.test.DemoSelectorTest -->
      <class name="com.test.ResourceSelectorTest">
        <test-method status="PASS" signature="setup()[pri:0, instance:com.test.ResourceSelectorTest@6a2bcfcb]" name="setup" is-config="true" duration-ms="8829" started-at="2016-09-25T22:26:33Z" finished-at="2016-09-25T22:26:42Z">
          <reporter-output>
          </reporter-output>
        </test-method> <!-- setup -->
        <test-method status="PASS" signature="beforeClass()[pri:0, instance:com.test.ResourceSelectorTest@6a2bcfcb]" name="beforeClass" is-config="true" duration-ms="1" started-at="2016-09-25T22:26:42Z" finished-at="2016-09-25T22:26:42Z">
          <reporter-output>
          </reporter-output>
        </test-method> <!-- beforeClass -->
        <test-method status="PASS" signature="testPresentationSelection()[pri:0, instance:com.test.ResourceSelectorTest@6a2bcfcb]" name="testPresentationSelection" duration-ms="4412" started-at="2016-09-25T22:26:42Z" finished-at="2016-09-25T22:26:47Z">
          <reporter-output>
          </reporter-output>
        </test-method> <!-- testPresentationSelection -->
      </class> <!-- com.test.ResourceSelectorTest -->
      <class name="com.test.LoginPageTest">
        <test-method status="PASS" signature="setup()[pri:0, instance:com.test.LoginPageTest@1efbd816]" name="setup" is-config="true" duration-ms="8900" started-at="2016-09-25T22:26:15Z" finished-at="2016-09-25T22:26:24Z">
          <reporter-output>
          </reporter-output>
        </test-method> <!-- setup -->
        <test-method status="PASS" signature="initialize()[pri:0, instance:com.test.LoginPageTest@1efbd816]" name="initialize" is-config="true" duration-ms="0" started-at="2016-09-25T22:26:24Z" finished-at="2016-09-25T22:26:24Z">
          <reporter-output>
          </reporter-output>
        </test-method> <!-- initialize -->
        <test-method status="PASS" signature="testInvalidLogin(java.lang.String, java.lang.String)[pri:0, instance:com.test.LoginPageTest@1efbd816]" name="testInvalidLogin" duration-ms="5282" started-at="2016-09-25T22:26:24Z" data-provider="user-data" finished-at="2016-09-25T22:26:29Z">
          <params>
            <param index="0">
              <value>
                <![CDATA[surya]]>
              </value>
            </param>
            <param index="1">
              <value>
                <![CDATA[kjjnijn]]>
              </value>
            </param>
          </params>
          <reporter-output>
          </reporter-output>
        </test-method> <!-- testInvalidLogin -->
        <test-method status="PASS" signature="testInvalidLogin(java.lang.String, java.lang.String)[pri:0, instance:com.test.LoginPageTest@1efbd816]" name="testInvalidLogin" duration-ms="4071" started-at="2016-09-25T22:26:29Z" data-provider="user-data" finished-at="2016-09-25T22:26:33Z">
          <params>
            <param index="0">
              <value>
                <![CDATA[surya]]>
              </value>
            </param>
            <param index="1">
              <value>
                <![CDATA[kjjnijn]]>
              </value>
            </param>
          </params>
          <reporter-output>
          </reporter-output>
        </test-method> <!-- testInvalidLogin -->
      </class> <!-- com.test.LoginPageTest -->
    </test> <!-- FunctTest -->
  </suite> <!-- AutoFrameTestSuite -->
</testng-results>
