<?xml version="1.0" encoding="UTF-8"?>
<testng-results skipped="0" failed="0" total="2" passed="2">
  <reporter-output>
  </reporter-output>
  <suite name="Default suite" duration-ms="22065" started-at="2016-09-24T05:14:48Z" finished-at="2016-09-24T05:15:10Z">
    <groups>
    </groups>
    <test name="Default test" duration-ms="22065" started-at="2016-09-24T05:14:48Z" finished-at="2016-09-24T05:15:10Z">
      <class name="com.test.LoginPageTest">
        <test-method status="PASS" signature="setup()[pri:0, instance:com.test.LoginPageTest@6a024a67]" name="setup" is-config="true" duration-ms="11881" started-at="2016-09-23T22:14:48Z" finished-at="2016-09-23T22:15:00Z">
          <reporter-output>
          </reporter-output>
        </test-method> <!-- setup -->
        <test-method status="PASS" signature="initialize()[pri:0, instance:com.test.LoginPageTest@6a024a67]" name="initialize" is-config="true" duration-ms="2" started-at="2016-09-23T22:15:00Z" finished-at="2016-09-23T22:15:00Z">
          <reporter-output>
          </reporter-output>
        </test-method> <!-- initialize -->
        <test-method status="PASS" signature="testInvalidLogin(java.lang.String, java.lang.String)[pri:0, instance:com.test.LoginPageTest@6a024a67]" name="testInvalidLogin" duration-ms="5829" started-at="2016-09-23T22:15:00Z" data-provider="user-data" finished-at="2016-09-23T22:15:06Z">
          <params>
            <param index="0">
              <value>
                <![CDATA[surya]]>
              </value>
            </param>
            <param index="1">
              <value>
                <![CDATA[kjjnijn]]>
              </value>
            </param>
          </params>
          <reporter-output>
          </reporter-output>
        </test-method> <!-- testInvalidLogin -->
        <test-method status="PASS" signature="testInvalidLogin(java.lang.String, java.lang.String)[pri:0, instance:com.test.LoginPageTest@6a024a67]" name="testInvalidLogin" duration-ms="4320" started-at="2016-09-23T22:15:06Z" data-provider="user-data" finished-at="2016-09-23T22:15:10Z">
          <params>
            <param index="0">
              <value>
                <![CDATA[surya]]>
              </value>
            </param>
            <param index="1">
              <value>
                <![CDATA[kjjnijn]]>
              </value>
            </param>
          </params>
          <reporter-output>
          </reporter-output>
        </test-method> <!-- testInvalidLogin -->
      </class> <!-- com.test.LoginPageTest -->
    </test> <!-- Default test -->
  </suite> <!-- Default suite -->
</testng-results>
