<?xml version="1.0" encoding="UTF-8"?>
<!-- Generated by org.testng.reporters.JUnitXMLReporter -->
<testsuite hostname="DESKTOP-DA62AFG" name="GitTest" tests="4" failures="0" timestamp="4 Oct 2016 22:32:40 GMT" time="1.922" errors="0">
  <testcase name="testHeaders" time="0.008" classname="com.test.GitHubTest"/>
  <testcase name="testId" time="0.004" classname="com.test.GitHubTest"/>
  <testcase name="testLogin" time="0.002" classname="com.test.GitHubTest"/>
  <testcase name="testStatusCode" time="0.002" classname="com.test.GitHubTest"/>
</testsuite> <!-- GitTest -->
