<?xml version="1.0" encoding="UTF-8"?>
<testng-results skipped="0" failed="0" total="1" passed="1">
  <reporter-output>
  </reporter-output>
  <suite name="Default suite" duration-ms="370" started-at="2016-10-10T04:09:37Z" finished-at="2016-10-10T04:09:37Z">
    <groups>
    </groups>
    <test name="Default test" duration-ms="370" started-at="2016-10-10T04:09:37Z" finished-at="2016-10-10T04:09:37Z">
      <class name="com.test.TwitterTest">
        <test-method status="PASS" signature="beforeClass()[pri:0, instance:com.test.TwitterTest@32d992b2]" name="beforeClass" is-config="true" duration-ms="341" started-at="2016-10-09T21:09:37Z" finished-at="2016-10-09T21:09:37Z">
          <reporter-output>
          </reporter-output>
        </test-method> <!-- beforeClass -->
        <test-method status="PASS" signature="testStatusCode()[pri:0, instance:com.test.TwitterTest@32d992b2]" name="testStatusCode" duration-ms="5" started-at="2016-10-09T21:09:37Z" finished-at="2016-10-09T21:09:37Z">
          <reporter-output>
          </reporter-output>
        </test-method> <!-- testStatusCode -->
      </class> <!-- com.test.TwitterTest -->
    </test> <!-- Default test -->
  </suite> <!-- Default suite -->
</testng-results>
