<?xml version="1.0" encoding="UTF-8"?>
<!-- Generated by org.testng.reporters.JUnitXMLReporter -->
<testsuite hostname="DESKTOP-DA62AFG" name="Default test" tests="3" failures="0" timestamp="27 Oct 2016 04:38:00 GMT" time="0.587" errors="0">
  <testcase name="testLogin" time="0.009" classname="com.test.LoginPageTest"/>
  <testcase name="testLogin" time="0.002" classname="com.test.LoginPageTest"/>
  <testcase name="testLogin" time="0.002" classname="com.test.LoginPageTest"/>
</testsuite> <!-- Default test -->
