<?xml version="1.0" encoding="UTF-8"?>
<!-- Generated by org.testng.reporters.JUnitXMLReporter -->
<testsuite hostname="DESKTOP-DA62AFG" name="FunctTest" tests="6" failures="0" timestamp="26 Sep 2016 05:27:03 GMT" time="60.188" errors="0">
  <testcase name="TestLoginClick" time="1.998" classname="com.test.HomePageTest"/>
  <testcase name="testCountSocialIcons" time="0.025" classname="com.test.HomePageTest"/>
  <testcase name="testInvalidLogin" time="5.282" classname="com.test.LoginPageTest"/>
  <testcase name="testInvalidLogin" time="4.071" classname="com.test.LoginPageTest"/>
  <testcase name="testPresentationSelection" time="4.412" classname="com.test.ResourceSelectorTest"/>
  <testcase name="testDemoClickWithExplicitWait" time="6.999" classname="com.test.DemoSelectorTest"/>
</testsuite> <!-- FunctTest -->
